<?xml version="1.0" encoding="UTF-8"?>
<testsuite name="JUnitTest" tests="1" skipped="0" failures="0" errors="0" timestamp="2024-01-28T10:20:21" hostname="DESKTOP-EJM8RV3" time="0.019">
  <properties/>
  <testcase name="1+2는 3이다" classname="JUnitTest" time="0.019"/>
  <system-out><![CDATA[]]></system-out>
  <system-err><![CDATA[]]></system-err>
</testsuite>
